2024-01-12T01:56:38.997Z 0: 

----------------------------------------------
2024-01-12T01:56:39.015Z 1: Discord starting: {"releaseChannel":"stable","version":"0.0.40"}, modulepath: /home/sponk2/.config/discord/0.0.40/modules
2024-01-12T01:56:39.020Z 2: ✅ webContents.created web1 ""
2024-01-12T01:56:39.025Z 3: ✅ window.created win1 "discord"
2024-01-12T01:56:39.342Z 4: ✅ webContents.did-finish-load web1
2024-01-12T01:57:19.261Z 5: ✅ webContents.created web2 ""
2024-01-12T01:57:19.275Z 6: ✅ window.created win2 "Discord"
2024-01-12T01:57:34.149Z 7: ✅ webContents.did-finish-load web2
2024-01-12T01:57:34.250Z 8: window.close win1
2024-01-12T01:57:34.260Z 9: webContents.destroyed web1
2024-01-12T01:57:34.266Z 10: window.closed win1
2024-01-12T02:20:13.540Z 11: window.close win2
2024-01-12T02:22:32.956Z 0: 

----------------------------------------------
2024-01-12T02:22:32.977Z 1: Discord starting: {"releaseChannel":"stable","version":"0.0.40"}, modulepath: /home/sponk2/.config/discord/0.0.40/modules
2024-01-12T02:22:36.473Z 12: window.close win2
2024-01-12T02:22:51.806Z 0: 

----------------------------------------------
2024-01-12T02:22:51.829Z 1: Discord starting: {"releaseChannel":"stable","version":"0.0.40"}, modulepath: /home/sponk2/.config/discord/0.0.40/modules
2024-01-12T02:22:55.409Z 13: window.close win2
2024-01-12T02:27:39.723Z 0: 

----------------------------------------------
2024-01-12T02:27:39.744Z 1: Discord starting: {"releaseChannel":"stable","version":"0.0.40"}, modulepath: /home/sponk2/.config/discord/0.0.40/modules
2024-01-12T02:30:25.420Z 14: window.close win2
2024-01-12T03:05:50.836Z 0: 

----------------------------------------------
2024-01-12T03:05:50.864Z 1: Discord starting: {"releaseChannel":"stable","version":"0.0.40"}, modulepath: /home/sponk2/.config/discord/0.0.40/modules
2024-01-12T03:15:32.507Z 15: window.close win2
2024-01-12T03:59:27.142Z 16: before-quit
2024-01-12T03:59:27.149Z 17: window.close win2
2024-01-12T17:57:20.008Z 0: 

----------------------------------------------
2024-01-12T17:57:20.026Z 1: Discord starting: {"releaseChannel":"stable","version":"0.0.40"}, modulepath: /home/sponk2/.config/discord/0.0.40/modules
2024-01-12T17:57:20.062Z 2: ✅ webContents.created web1 ""
2024-01-12T17:57:20.069Z 3: ✅ window.created win1 "discord"
2024-01-12T17:57:20.510Z 4: ✅ webContents.did-finish-load web1
2024-01-12T17:57:20.906Z 5: ✅ webContents.created web2 ""
2024-01-12T17:57:20.926Z 6: ✅ window.created win2 "Discord"
2024-01-12T17:57:24.797Z 7: ✅ webContents.did-finish-load web2
2024-01-12T17:57:24.897Z 8: window.close win1
2024-01-12T17:57:24.912Z 9: webContents.destroyed web1
2024-01-12T17:57:24.916Z 10: window.closed win1
2024-01-12T17:57:25.773Z 11: window.close win2
2024-01-12T18:43:54.089Z 12: before-quit
2024-01-12T18:43:54.096Z 13: window.close win2
2024-01-12T18:43:54.108Z 14: ❌ child-process-gone {
  type: 'Utility',
  reason: 'killed',
  exitCode: 15,
  serviceName: 'audio.mojom.AudioService',
  name: 'Audio Service'
}
